<?xml version="1.0" encoding="UTF-8"?>
<!-- Generated by org.testng.reporters.JUnitReportReporter -->
<testsuite hostname="MSI" failures="0" tests="1" name="demoone.juice_pof" time="30.584" errors="0" timestamp="2023-12-01T10:16:56 PST" skipped="0">
  <testcase classname="demoone.juice_pof" name="login" time="30.584"/>
  <system-out/>
</testsuite> <!-- demoone.juice_pof -->
