<?xml version="1.0" encoding="UTF-8"?>
<!-- Generated by org.testng.reporters.JUnitReportReporter -->
<testsuite hostname="MSI" failures="0" tests="5" name="TestSuite1.Module2" time="0.017" errors="0" timestamp="2023-11-20T22:45:30 PST" skipped="0">
  <testcase classname="TestSuite1.Module2" name="test003" time="0.006"/>
  <system-out>
    <![CDATA[I am executing testcase003]]>
  </system-out>
  <testcase classname="TestSuite1.Module2" name="test001" time="0.003"/>
  <system-out>
    <![CDATA[I am executing testcase001]]>
  </system-out>
  <testcase classname="TestSuite1.Module2" name="test002" time="0.001"/>
  <system-out>
    <![CDATA[I am executing testcase002]]>
  </system-out>
  <testcase classname="TestSuite1.Module2" name="login" time="0.002"/>
  <system-out/>
  <testcase classname="TestSuite1.Module2" name="login" time="0.005"/>
  <system-out/>
</testsuite> <!-- TestSuite1.Module2 -->
